<?xml version="1.0" encoding="UTF-8"?>
<testsuite xmlns:xsi="http://www.w3.org/2001/XMLSchema-instance" xsi:noNamespaceSchemaLocation="https://maven.apache.org/surefire/maven-surefire-plugin/xsd/surefire-test-report.xsd" version="3.0.2" name="vehicle_service.CarRentalApplicationTests" time="3.789" tests="1" errors="0" skipped="0" failures="0">
  <properties>
[...]
</properties>
  <testcase name="contextLoads" classname="vehicle_service.CarRentalApplicationTests" time="0.296">
    <system-out><![CDATA[19:31:50.684 [main] INFO org.springframework.test.context.support.AnnotationConfigContextLoaderUtils -- Could not detect default configuration classes for test class [vehicle_service.CarRentalApplicationTests]: CarRentalApplicationTests does not declare any static, non-private, non-final, nested classes annotated with @Configuration.
19:31:50.750 [main] INFO org.springframework.boot.test.context.SpringBootTestContextBootstrapper -- Found @SpringBootConfiguration vehicle_service.CarRentalApplication for test class vehicle_service.CarRentalApplicationTests
19:31:50.995 [main] INFO org.springframework.boot.devtools.restart.RestartApplicationListener -- Restart disabled due to context in which it is running

  .   ____          _            __ _ _
 /\\ / ___'_ __ _ _(_)_ __  __ _ \ \ \ \
( ( )\___ | '_ | '_| | '_ \/ _` | \ \ \ \
 \\/  ___)| |_)| | | | | || (_| |  ) ) ) )
  '  |____| .__|_| |_|_| |_\__, | / / / /
 =========|_|==============|___/=/_/_/_/

 :: Spring Boot ::                (v4.0.3)

2026-03-29T19:31:51.162+05:30  INFO 46778 --- [car-rental] [           main] v.CarRentalApplicationTests              : Starting CarRentalApplicationTests using Java 24 with PID 46778 (started by dilshan in /Users/dilshan/Documents/4Y S1/CTSE/assignment 1/Micro-Service-CTSE-Assignment)
2026-03-29T19:31:51.163+05:30  INFO 46778 --- [car-rental] [           main] v.CarRentalApplicationTests              : No active profile set, falling back to 1 default profile: "default"
2026-03-29T19:31:51.694+05:30  INFO 46778 --- [car-rental] [           main] .s.d.r.c.RepositoryConfigurationDelegate : Bootstrapping Spring Data JPA repositories in DEFAULT mode.
2026-03-29T19:31:51.792+05:30  INFO 46778 --- [car-rental] [           main] .s.d.r.c.RepositoryConfigurationDelegate : Finished Spring Data repository scanning in 93 ms. Found 1 JPA repository interface.
2026-03-29T19:31:51.936+05:30  INFO 46778 --- [car-rental] [           main] o.s.cloud.context.scope.GenericScope     : BeanFactory id=8efd6723-88cd-367a-8d8c-812f4b92a114
2026-03-29T19:31:52.114+05:30  INFO 46778 --- [car-rental] [           main] org.hibernate.orm.jpa                    : HHH008540: Processing PersistenceUnitInfo [name: default]
2026-03-29T19:31:52.150+05:30  INFO 46778 --- [car-rental] [           main] org.hibernate.orm.core                   : HHH000001: Hibernate ORM core version 7.2.4.Final
2026-03-29T19:31:52.378+05:30  INFO 46778 --- [car-rental] [           main] o.s.o.j.p.SpringPersistenceUnitInfo      : No LoadTimeWeaver setup: ignoring JPA class transformer
2026-03-29T19:31:52.398+05:30  INFO 46778 --- [car-rental] [           main] com.zaxxer.hikari.HikariDataSource       : HikariPool-1 - Starting...
2026-03-29T19:31:52.690+05:30  INFO 46778 --- [car-rental] [           main] com.zaxxer.hikari.pool.HikariPool        : HikariPool-1 - Added connection com.mysql.cj.jdbc.ConnectionImpl@3052395d
2026-03-29T19:31:52.691+05:30  INFO 46778 --- [car-rental] [           main] com.zaxxer.hikari.HikariDataSource       : HikariPool-1 - Start completed.
2026-03-29T19:31:52.764+05:30  INFO 46778 --- [car-rental] [           main] org.hibernate.orm.connections.pooling    : HHH10001005: Database info:
	Database JDBC URL [jdbc:mysql://localhost:3306/vehicle_service?createDatabaseIfNotExist=true]
	Database driver: MySQL Connector/J
	Database dialect: MySQLDialect
	Database version: 9.1
	Default catalog/schema: vehicle_service/undefined
	Autocommit mode: undefined/unknown
	Isolation level: REPEATABLE_READ [default REPEATABLE_READ]
	JDBC fetch size: none
	Pool: DataSourceConnectionProvider
	Minimum pool size: undefined/unknown
	Maximum pool size: undefined/unknown
2026-03-29T19:31:53.227+05:30  INFO 46778 --- [car-rental] [           main] org.hibernate.orm.core                   : HHH000489: No JTA platform available (set 'hibernate.transaction.jta.platform' to enable JTA platform integration)
2026-03-29T19:31:53.319+05:30  INFO 46778 --- [car-rental] [           main] j.LocalContainerEntityManagerFactoryBean : Initialized JPA EntityManagerFactory for persistence unit 'default'
2026-03-29T19:31:53.364+05:30  INFO 46778 --- [car-rental] [           main] o.s.d.j.r.query.QueryEnhancerFactories   : Hibernate is in classpath; If applicable, HQL parser will be used.
2026-03-29T19:31:53.482+05:30  WARN 46778 --- [car-rental] [           main] JpaBaseConfiguration$JpaWebConfiguration : spring.jpa.open-in-view is enabled by default. Therefore, database queries may be performed during view rendering. Explicitly configure spring.jpa.open-in-view to disable this warning
2026-03-29T19:31:53.958+05:30  INFO 46778 --- [car-rental] [           main] DiscoveryClientOptionalArgsConfiguration : Eureka HTTP Client uses RestClient.
2026-03-29T19:31:53.976+05:30  WARN 46778 --- [car-rental] [           main] iguration$LoadBalancerCaffeineWarnLogger : Spring Cloud LoadBalancer is currently working with the default cache. While this cache implementation is useful for development and tests, it's recommended to use Caffeine cache in production.You can switch to using Caffeine cache, by adding it and org.springframework.cache.caffeine.CaffeineCacheManager to the classpath.
2026-03-29T19:31:53.981+05:30  INFO 46778 --- [car-rental] [           main] o.s.b.a.e.web.EndpointLinksResolver      : Exposing 16 endpoints beneath base path '/actuator'
2026-03-29T19:31:54.021+05:30  INFO 46778 --- [car-rental] [           main] v.CarRentalApplicationTests              : Started CarRentalApplicationTests in 3.032 seconds (process running for 3.814)
]]></system-out>
    <system-err><![CDATA[Mockito is currently self-attaching to enable the inline-mock-maker. This will no longer work in future releases of the JDK. Please add Mockito as an agent to your build as described in Mockito's documentation: https://javadoc.io/doc/org.mockito/mockito-core/latest/org.mockito/org/mockito/Mockito.html#0.3
WARNING: A Java agent has been loaded dynamically (/Users/dilshan/.m2/repository/net/bytebuddy/byte-buddy-agent/1.17.8/byte-buddy-agent-1.17.8.jar)
WARNING: If a serviceability tool is in use, please run with -XX:+EnableDynamicAgentLoading to hide this warning
WARNING: If a serviceability tool is not in use, please run with -Djdk.instrument.traceUsage for more information
WARNING: Dynamic loading of agents will be disallowed by default in a future release
]]></system-err>
  </testcase>
</testsuite>